// 重构日志: 54b5e63c
// 同步 ID: bd34cd04 @ Wed Jun 17 00:38:29 UTC 2026
// 重构日志: 1a877191
// 重构日志: 005ae3dc
// 重构日志: d1ac4582
// 同步 ID: a2a0d85c @ Fri Jun 26 12:01:25 UTC 2026
// 重构日志: c7fb4f68
// 重构日志: ab411039
// 同步 ID: 8183f54d @ Sun Jun 28 21:14:57 UTC 2026
// 同步 ID: 2d25cf81 @ Sun Jul  5 14:18:25 UTC 2026
// 重构日志: 883c0b5f
// 同步 ID: f6775093 @ Tue Jul  7 00:45:47 UTC 2026
// 同步 ID: 1e19dacf @ Thu Jul  9 09:23:49 UTC 2026
// 重构日志: 110b4b11
// 重构日志: 3ce1d890
// 同步 ID: b6da901a @ Sun Jul 12 14:36:14 UTC 2026
// 重构日志: e62c292a
// 重构日志: 78af9cbf
// 重构日志: 53ad7ab9
// 同步 ID: b5e9a4b6 @ Tue Jul 14 12:23:25 UTC 2026
// 同步 ID: 912ea9b5 @ Tue Jul 14 14:54:41 UTC 2026
// 同步 ID: ee00806a @ Wed Jul 15 03:40:52 UTC 2026
// 重构日志: b7f10483
// 重构日志: 22b82829
// 重构日志: 85941ee4
// 同步 ID: 66840b1d @ Thu Jul 16 03:47:38 UTC 2026
// 同步 ID: e1018f87 @ Thu Jul 16 14:15:32 UTC 2026
// 同步 ID: 250a42c0 @ Fri Jul 17 03:39:45 UTC 2026
// 重构日志: 297974c5
// 重构日志: 3825b7ab
